[debug] > Exec(early(addDefaultCommands), None, None)
[debug] > Exec(addDefaultCommands, None, None)
[debug] > Exec(early(initialize), None, None)
[debug] > Exec(initialize, None, None)
[debug] > Exec(early(addPluginSbtFile="""C:\Users\Bronson\AppData\Local\Temp\idea.sbt"""), None, None)
[debug] > Exec(addPluginSbtFile="""C:\Users\Bronson\AppData\Local\Temp\idea.sbt""", None, None)
[debug] > Exec(boot, None, None)
[debug] > Exec(writeSbtVersion, None, None)
[debug] > Exec(reload, None, None)
[debug] > Exec(sbtStashOnFailure, None, None)
[debug] > Exec(onFailure loadFailed, None, None)
[debug] > Exec(loadp, None, None)
[info] welcome to sbt 1.4.6 (Oracle Corporation Java 15.0.1)
[debug]       Load.loadUnit: plugins took 202.5893ms
[debug]       Load.loadUnit: defsScala took 0.3725ms
[debug] [Loading] Scanning directory C:\Users\Bronson\.sbt\1.0\plugins
[debug] [Loading] Found non-root projects 
[debug] [Loading] Done in C:\Users\Bronson\.sbt\1.0\plugins, returning: ()
[debug] deducing auto plugins based on known facts Set(Atom(sbt.plugins.CorePlugin)) and clauses Clauses(List(Clause(Atom(sbt.plugins.JvmPlugin),Set(Atom(sbt.plugins.IvyPlugin))), Clause(Atom(sbt.ScriptedPlugin),Set(Atom(sbt.plugins.JvmPlugin))), Clause(Atom(sbt.plugins.SbtPlugin),Set(Atom(sbt.ScriptedPlugin))), Clause(Atom(sbt.plugins.SemanticdbPlugin),Set(Atom(sbt.plugins.JvmPlugin))), Clause(Atom(sbt.plugins.JUnitXmlReportPlugin),Set(Atom(sbt.plugins.JvmPlugin))), Clause(Atom(sbt.plugins.MiniDependencyTreePlugin),Set(Atom(sbt.plugins.JvmPlugin))), Clause(Atom(sbt.plugins.CorePlugin),Set(Atom(sbt.plugins.IvyPlugin))), Clause(Atom(sbt.plugins.IvyPlugin),Set(Atom(sbt.plugins.JvmPlugin))), Clause(Atom(sbt.plugins.JvmPlugin),Set(Atom(sbt.plugins.SemanticdbPlugin))), Clause(Atom(sbt.plugins.JvmPlugin),Set(Atom(sbt.plugins.JUnitXmlReportPlugin))), Clause(Atom(sbt.plugins.CorePlugin),Set(Atom(sbt.plugins.Giter8TemplatePlugin))), Clause(Atom(sbt.plugins.JvmPlugin),Set(Atom(sbt.plugins.MiniDependencyTreePlugin)))))
[debug]   :: deduced result: Matched(sbt.plugins.CorePlugin,sbt.plugins.Giter8TemplatePlugin,sbt.plugins.IvyPlugin,sbt.plugins.JvmPlugin,sbt.plugins.MiniDependencyTreePlugin,sbt.plugins.JUnitXmlReportPlugin,sbt.plugins.SemanticdbPlugin)
[debug] Plugins.deducer#function took 33.6625 ms
[debug]           Load.resolveProject(global-plugins) took 130.0529ms
[debug]         Load.loadTransitive: finalizeProject(Project(id global-plugins, base: C:\Users\Bronson\.sbt\1.0\plugins, plugins: List(<none>))) took 222.703301ms
[debug] [Loading] Done in C:\Users\Bronson\.sbt\1.0\plugins, returning: (global-plugins)
[debug]       Load.loadUnit: loadedProjectsRaw took 274.785ms
[debug]       Load.loadUnit: cleanEvalClasses took 0.235199ms
[debug]     Load.loadUnit(file:/C:/Users/Bronson/.sbt/1.0/plugins/, ...) took 491.2619ms
[debug]   Load.apply: load took 1176.9177ms
[debug]   Load.apply: resolveProjects took 50.006499ms
[debug]   Load.apply: finalTransforms took 167.240001ms
[debug]   Load.apply: config.delegates took 66.118901ms
[debug]   Load.apply: Def.make(settings)... took 5597.6727ms
[debug]   Load.apply: structureIndex took 185.729301ms
[debug]   Load.apply: mkStreams took 8.5387ms
[info] loading global plugins from C:\Users\Bronson\.sbt\1.0\plugins
[debug] Running task... Cancel: Signal, check cycles: false, forcegc: true
[debug] Load.defaultLoad until apply took 36283.0804ms
[debug]           Load.loadUnit: plugins took 35.032ms
[debug]           Load.loadUnit: defsScala took 0.004399ms
[debug] [Loading] Scanning directory C:\Users\Bronson\OneDrive\Year 4\340\project
[debug]             Load.loadUnit: mkEval took 15.589699ms
[debug] [Loading] Found non-root projects 
[debug] [Loading] Done in C:\Users\Bronson\OneDrive\Year 4\340\project, returning: ()
[debug] deducing auto plugins based on known facts Set(Atom(sbt.plugins.CorePlugin)) and clauses Clauses(List(Clause(Atom(sbt.plugins.JvmPlugin),Set(Atom(sbt.plugins.IvyPlugin))), Clause(Atom(sbt.ScriptedPlugin),Set(Atom(sbt.plugins.JvmPlugin))), Clause(Atom(sbt.plugins.SbtPlugin),Set(Atom(sbt.ScriptedPlugin))), Clause(Atom(sbt.plugins.SemanticdbPlugin),Set(Atom(sbt.plugins.JvmPlugin))), Clause(Atom(sbt.plugins.JUnitXmlReportPlugin),Set(Atom(sbt.plugins.JvmPlugin))), Clause(Atom(sbt.plugins.MiniDependencyTreePlugin),Set(Atom(sbt.plugins.JvmPlugin))), Clause(Atom(sbt.plugins.CorePlugin),Set(Atom(sbt.plugins.IvyPlugin))), Clause(Atom(sbt.plugins.IvyPlugin),Set(Atom(sbt.plugins.JvmPlugin))), Clause(Atom(sbt.plugins.JvmPlugin),Set(Atom(sbt.plugins.SemanticdbPlugin))), Clause(Atom(sbt.plugins.JvmPlugin),Set(Atom(sbt.plugins.JUnitXmlReportPlugin))), Clause(Atom(sbt.plugins.CorePlugin),Set(Atom(sbt.plugins.Giter8TemplatePlugin))), Clause(Atom(sbt.plugins.JvmPlugin),Set(Atom(sbt.plugins.MiniDependencyTreePlugin)))))
[debug]   :: deduced result: Matched(sbt.plugins.CorePlugin,sbt.plugins.Giter8TemplatePlugin,sbt.plugins.IvyPlugin,sbt.plugins.JvmPlugin,sbt.plugins.MiniDependencyTreePlugin,sbt.plugins.JUnitXmlReportPlugin,sbt.plugins.SemanticdbPlugin)
[debug] Plugins.deducer#function took 2.2083 ms
[info] loading settings for project root-340-build from idea.sbt ...
[debug]               Load.resolveProject(root-340-build) took 12.766601ms
[debug]             Load.loadTransitive: finalizeProject(Project(id root-340-build, base: C:\Users\Bronson\OneDrive\Year 4\340\project, plugins: List(<none>))) took 15.492399ms
[debug] [Loading] Done in C:\Users\Bronson\OneDrive\Year 4\340\project, returning: (root-340-build)
[debug]           Load.loadUnit: loadedProjectsRaw took 4602.4328ms
[debug]           Load.loadUnit: cleanEvalClasses took 16.52ms
[debug]         Load.loadUnit(file:/C:/Users/Bronson/OneDrive/Year%204/340/project/, ...) took 4655.7766ms
[debug]       Load.apply: load took 4658.8008ms
[debug]       Load.apply: resolveProjects took 0.119601ms
[debug]       Load.apply: finalTransforms took 19.956ms
[debug]       Load.apply: config.delegates took 0.3167ms
[debug]       Load.apply: Def.make(settings)... took 257.1748ms
[debug]       Load.apply: structureIndex took 30.7491ms
[debug]       Load.apply: mkStreams took 0.002101ms
[info] loading project definition from C:\Users\Bronson\OneDrive\Year 4\340\project
[debug] Running task... Cancel: Signal, check cycles: false, forcegc: true
[debug]     Load.loadUnit: plugins took 6717.1826ms
[debug]     Load.loadUnit: defsScala took 0.008601ms
[debug] [Loading] Scanning directory C:\Users\Bronson\OneDrive\Year 4\340
[debug]       Load.loadUnit: mkEval took 1.155001ms
[debug] [Loading] Found non-root projects 
[debug] [Loading] Done in C:\Users\Bronson\OneDrive\Year 4\340, returning: ()
[debug] deducing auto plugins based on known facts Set(Atom(sbt.plugins.CorePlugin)) and clauses Clauses(List(Clause(Atom(sbt.plugins.JvmPlugin),Set(Atom(sbt.plugins.IvyPlugin))), Clause(Atom(sbt.ScriptedPlugin),Set(Atom(sbt.plugins.JvmPlugin))), Clause(Atom(sbt.plugins.SbtPlugin),Set(Atom(sbt.ScriptedPlugin))), Clause(Atom(sbt.plugins.SemanticdbPlugin),Set(Atom(sbt.plugins.JvmPlugin))), Clause(Atom(sbt.plugins.JUnitXmlReportPlugin),Set(Atom(sbt.plugins.JvmPlugin))), Clause(Atom(sbt.plugins.MiniDependencyTreePlugin),Set(Atom(sbt.plugins.JvmPlugin))), Clause(Atom(org.jetbrains.sbt.StructurePlugin),Set(Atom(sbt.plugins.JvmPlugin))), Clause(Atom(org.jetbrains.sbt.IdeaShellPlugin),Set(Atom(sbt.plugins.JvmPlugin))), Clause(Atom(org.jetbrains.sbt.indices.SbtIntellijIndicesPlugin),Set(Atom(sbt.plugins.JvmPlugin))), Clause(Atom(sbt.plugins.CorePlugin),Set(Atom(sbt.plugins.IvyPlugin))), Clause(Atom(sbt.plugins.IvyPlugin),Set(Atom(sbt.plugins.JvmPlugin))), Clause(Atom(sbt.plugins.JvmPlugin),Set(Atom(sbt.plugins.SemanticdbPlugin))), Clause(Atom(sbt.plugins.JvmPlugin),Set(Atom(sbt.plugins.JUnitXmlReportPlugin))), Clause(Atom(sbt.plugins.CorePlugin),Set(Atom(sbt.plugins.Giter8TemplatePlugin))), Clause(Atom(sbt.plugins.JvmPlugin),Set(Atom(sbt.plugins.MiniDependencyTreePlugin))), Clause(Atom(sbt.plugins.JvmPlugin),Set(Atom(org.jetbrains.sbt.StructurePlugin))), Clause(Atom(sbt.plugins.JvmPlugin),Set(Atom(org.jetbrains.sbt.IdeaShellPlugin))), Clause(And(Set(Atom(sbt.plugins.CorePlugin), Atom(sbt.plugins.JvmPlugin))),Set(Atom(org.jetbrains.sbt.indices.SbtIntellijIndicesPlugin)))))
[debug]   :: deduced result: Matched(sbt.plugins.CorePlugin,sbt.plugins.Giter8TemplatePlugin,sbt.plugins.IvyPlugin,sbt.plugins.JvmPlugin,sbt.plugins.SemanticdbPlugin,org.jetbrains.sbt.indices.SbtIntellijIndicesPlugin,sbt.plugins.JUnitXmlReportPlugin,org.jetbrains.sbt.IdeaShellPlugin,org.jetbrains.sbt.StructurePlugin,sbt.plugins.MiniDependencyTreePlugin)
[debug] Plugins.deducer#function took 6.905001 ms
[info] loading settings for project root-340 from build.sbt ...
[debug]         Load.resolveProject(root-340) took 40.6536ms
[debug]       Load.loadTransitive: finalizeProject(Project(id root-340, base: C:\Users\Bronson\OneDrive\Year 4\340, plugins: List(<none>))) took 48.699501ms
[debug] [Loading] Done in C:\Users\Bronson\OneDrive\Year 4\340, returning: (root-340)
[debug]     Load.loadUnit: loadedProjectsRaw took 2358.257101ms
[debug]     Load.loadUnit: cleanEvalClasses took 30.2627ms
[debug]   Load.loadUnit(file:/C:/Users/Bronson/OneDrive/Year%204/340/, ...) took 9107.009899ms
[debug] Load.apply: load took 9110.1972ms
[debug] Load.apply: resolveProjects took 0.088501ms
[debug] Load.apply: finalTransforms took 43.0391ms
[debug] Load.apply: config.delegates took 0.2264ms
[debug] Load.apply: Def.make(settings)... took 119.002601ms
[debug] Load.apply: structureIndex took 65.3818ms
[debug] Load.apply: mkStreams took 0.004ms
[info] set current project to 340 (in build file:/C:/Users/Bronson/OneDrive/Year%204/340/)
[debug] > Exec(sbtPopOnFailure, None, None)
[debug] > Exec(resumeFromFailure, None, None)
[debug] > Exec(notifyUsersAboutShell, None, None)
[debug] > Exec(iflast shell, None, None)
[debug] > Exec(; set ideaPort in Global := 54158 ; idea-shell, None, None)
[debug] > Exec(set ideaPort in Global := 54158, None, None)
[info] Defining Global / ideaPort
[info] The new value will be used by Compile / compile, Test / compile
[debug] Defining 
[debug] 	Global / ideaPort
[debug] 
[debug] The new value will be used by 
[debug] 	Compile / compile
[debug] 	Test / compile
[info] Reapplying settings...
[info] set current project to 340 (in build file:/C:/Users/Bronson/OneDrive/Year%204/340/)
[debug] > Exec(idea-shell, None, None)
